<?xml version="1.0" encoding="UTF-8"?>
<!-- Generated by org.testng.reporters.JUnitXMLReporter -->
<testsuite hostname="DESKTOP-F5NB8LI" ignored="0" name="Test" tests="3" failures="1" timestamp="2022-10-07T13:36:37 CDT" time="26.614" errors="0">
  <testcase name="Login" time="1.787" classname="com.testcases.dsalgo.LoginTest"/>
  <testcase name="loginDDT" time="5.532" classname="com.testcases.dsalgo.LoginTestDDT"/>
  <testcase name="loginDDT" time="4.282" classname="com.testcases.dsalgo.LoginTestDDT">
    <failure type="java.lang.AssertionError" message="expected [true] but found [false]">
      <![CDATA[java.lang.AssertionError: expected [true] but found [false]
at com.testcases.dsalgo.LoginTestDDT.loginDDT(LoginTestDDT.java:47)
at java.util.ArrayList.forEach(ArrayList.java:1259)
... Removed 31 stack frames]]>
    </failure>
  </testcase> <!-- loginDDT -->
</testsuite> <!-- Test -->
