<?xml version="1.0" encoding="UTF-8"?>
<!-- Generated by org.testng.reporters.JUnitXMLReporter -->
<testsuite ignored="0" hostname="DESKTOP-F5NB8LI" failures="1" tests="7" name="Test" time="43.239" errors="0" timestamp="2022-06-20T14:48:27 CDT">
  <testcase classname="com.testcases.dsalgo.LoginTest" name="Login" time="1.586"/>
  <testcase classname="com.testcases.dsalgo.LoginTestDDT" name="loginDDT" time="4.706"/>
  <testcase classname="com.testcases.dsalgo.LoginTestDDT" name="loginDDT" time="4.069">
    <failure type="java.lang.AssertionError" message="expected [true] but found [false]">
      <![CDATA[java.lang.AssertionError: expected [true] but found [false]
at com.testcases.dsalgo.LoginTestDDT.loginDDT(LoginTestDDT.java:47)
at java.base/java.util.ArrayList.forEach(ArrayList.java:1511)
... Removed 31 stack frames]]>
    </failure>
  </testcase> <!-- loginDDT -->
  <testcase classname="com.testcases.dsalgo.LinkedListTest" name="linkedlistTest" time="4.506"/>
  <testcase classname="com.testcases.dsalgo.ArrayTest" name="arrayTest" time="4.033"/>
  <testcase classname="com.testcases.dsalgo.StackTest" name="Stack_Test" time="3.441"/>
  <testcase classname="com.testcases.dsalgo.GraphTest" name="graph" time="3.172"/>
</testsuite> <!-- Test -->
