<?xml version="1.0" encoding="UTF-8"?>
<testsuite xmlns:xsi="http://www.w3.org/2001/XMLSchema-instance" xsi:noNamespaceSchemaLocation="https://maven.apache.org/surefire/maven-surefire-plugin/xsd/surefire-test-report.xsd" name="TestSuite" time="38.704" tests="7" errors="0" skipped="0" failures="2">
  <properties>
[...]
</properties>
  <testcase name="Register1" classname="com.testcases.dsalgo.RegisterTest" time="0.67"/>
  <testcase name="Register2" classname="com.testcases.dsalgo.RegisterTest" time="5.237"/>
  <testcase name="Register3" classname="com.testcases.dsalgo.RegisterTest" time="3.884">
    <failure message="expected [true] but found [false]" type="java.lang.AssertionError">java.lang.AssertionError: expected [true] but found [false]
	at com.testcases.dsalgo.RegisterTest.Register3(RegisterTest.java:57)
</failure>
    <system-out><![CDATA[I am in onTestSuccess method Register2 succeed
I am in onTestStart method Register3 start
INFO	2022-06-16 00:15:18,799	10364	DsAlgo	[main]	test case failed....
]]></system-out>
  </testcase>
  <testcase name="signout1" classname="com.testcases.dsalgo.RegisterTest" time="0.052">
    <failure message="no such element: Unable to locate element: {&quot;method&quot;:&quot;xpath&quot;,&quot;selector&quot;:&quot;//a[contains( text(),&apos;Sign out&apos;)]&quot;}&#10;  (Session info: chrome=102.0.5005.115)&#10;For documentation on this error, please visit: https://selenium.dev/exceptions/#no_such_element&#10;Build info: version: &apos;4.1.4&apos;, revision: &apos;535d840ee2&apos;&#10;System info: host: &apos;DESKTOP-F5NB8LI&apos;, ip: &apos;192.168.0.105&apos;, os.name: &apos;Windows 10&apos;, os.arch: &apos;amd64&apos;, os.version: &apos;10.0&apos;, java.version: &apos;14.0.2&apos;&#10;Driver info: org.openqa.selenium.chrome.ChromeDriver&#10;Command: [0108178da7ced8c2185e3108d4edffe5, findElement {using=xpath, value=//a[contains( text(),&apos;Sign out&apos;)]}]&#10;Capabilities {acceptInsecureCerts: false, browserName: chrome, browserVersion: 102.0.5005.115, chrome: {chromedriverVersion: 101.0.4951.41 (93c720db8323..., userDataDir: C:\Users\rahul\AppData\Loca...}, goog:chromeOptions: {debuggerAddress: localhost:57786}, javascriptEnabled: true, networkConnectionEnabled: false, pageLoadStrategy: normal, platform: WINDOWS, platformName: WINDOWS, proxy: Proxy(), se:cdp: ws://localhost:57786/devtoo..., se:cdpVersion: 102.0.5005.115, setWindowRect: true, strictFileInteractability: false, timeouts: {implicit: 0, pageLoad: 300000, script: 30000}, unhandledPromptBehavior: dismiss and notify, webauthn:extension:credBlob: true, webauthn:extension:largeBlob: true, webauthn:virtualAuthenticators: true}&#10;Session ID: 0108178da7ced8c2185e3108d4edffe5" type="org.openqa.selenium.NoSuchElementException">org.openqa.selenium.NoSuchElementException: 
no such element: Unable to locate element: {"method":"xpath","selector":"//a[contains( text(),'Sign out')]"}
  (Session info: chrome=102.0.5005.115)
For documentation on this error, please visit: https://selenium.dev/exceptions/#no_such_element
Build info: version: '4.1.4', revision: '535d840ee2'
System info: host: 'DESKTOP-F5NB8LI', ip: '192.168.0.105', os.name: 'Windows 10', os.arch: 'amd64', os.version: '10.0', java.version: '14.0.2'
Driver info: org.openqa.selenium.chrome.ChromeDriver
Command: [0108178da7ced8c2185e3108d4edffe5, findElement {using=xpath, value=//a[contains( text(),'Sign out')]}]
Capabilities {acceptInsecureCerts: false, browserName: chrome, browserVersion: 102.0.5005.115, chrome: {chromedriverVersion: 101.0.4951.41 (93c720db8323..., userDataDir: C:\Users\rahul\AppData\Loca...}, goog:chromeOptions: {debuggerAddress: localhost:57786}, javascriptEnabled: true, networkConnectionEnabled: false, pageLoadStrategy: normal, platform: WINDOWS, platformName: WINDOWS, proxy: Proxy(), se:cdp: ws://localhost:57786/devtoo..., se:cdpVersion: 102.0.5005.115, setWindowRect: true, strictFileInteractability: false, timeouts: {implicit: 0, pageLoad: 300000, script: 30000}, unhandledPromptBehavior: dismiss and notify, webauthn:extension:credBlob: true, webauthn:extension:largeBlob: true, webauthn:virtualAuthenticators: true}
Session ID: 0108178da7ced8c2185e3108d4edffe5
	at com.testcases.dsalgo.RegisterTest.signout1(RegisterTest.java:63)
</failure>
    <system-out><![CDATA[I am in onTestFailure method Register3 failed
Screenshot captured for test case:Register3
I am in onTestStart method signout1 start
]]></system-out>
  </testcase>
  <testcase name="Login" classname="com.testcases.dsalgo.LoginTest" time="1.699"/>
  <testcase name="linkedlistTest" classname="com.testcases.dsalgo.LinkedListTest" time="6.492"/>
  <testcase name="Stack_Test" classname="com.testcases.dsalgo.StackTest" time="4.385"/>
</testsuite>