<?xml version="1.0" encoding="UTF-8"?>
<testng-results ignored="0" total="7" passed="6" failed="1" skipped="0">
  <reporter-output>
  </reporter-output>
  <suite started-at="2022-06-20T14:47:44 CDT" name="Suite" finished-at="2022-06-20T14:48:27 CDT" duration-ms="43239">
    <groups>
    </groups>
    <test started-at="2022-06-20T14:47:44 CDT" name="Test" finished-at="2022-06-20T14:48:27 CDT" duration-ms="43239">
      <class name="com.testcases.dsalgo.ArrayTest">
        <test-method is-config="true" signature="setup(java.lang.String)[pri:0, instance:com.testcases.dsalgo.ArrayTest@1de6932a]" started-at="2022-06-20T14:48:09 CDT" name="setup" finished-at="2022-06-20T14:48:11 CDT" duration-ms="1823" status="PASS">
          <params>
            <param index="0">
              <value>
                <![CDATA[chrome]]>
              </value>
            </param>
          </params>
          <reporter-output>
          </reporter-output>
        </test-method> <!-- setup -->
        <test-method signature="arrayTest()[pri:0, instance:com.testcases.dsalgo.ArrayTest@1de6932a]" started-at="2022-06-20T14:48:11 CDT" name="arrayTest" finished-at="2022-06-20T14:48:15 CDT" duration-ms="4033" status="PASS">
          <reporter-output>
          </reporter-output>
        </test-method> <!-- arrayTest -->
        <test-method is-config="true" signature="tearDown()[pri:0, instance:com.testcases.dsalgo.ArrayTest@1de6932a]" started-at="2022-06-20T14:48:15 CDT" name="tearDown" finished-at="2022-06-20T14:48:16 CDT" duration-ms="627" status="PASS">
          <reporter-output>
          </reporter-output>
        </test-method> <!-- tearDown -->
      </class> <!-- com.testcases.dsalgo.ArrayTest -->
      <class name="com.testcases.dsalgo.LinkedListTest">
        <test-method is-config="true" signature="setup(java.lang.String)[pri:0, instance:com.testcases.dsalgo.LinkedListTest@7a8136b3]" started-at="2022-06-20T14:48:03 CDT" name="setup" finished-at="2022-06-20T14:48:04 CDT" duration-ms="1573" status="PASS">
          <params>
            <param index="0">
              <value>
                <![CDATA[chrome]]>
              </value>
            </param>
          </params>
          <reporter-output>
          </reporter-output>
        </test-method> <!-- setup -->
        <test-method signature="linkedlistTest()[pri:0, instance:com.testcases.dsalgo.LinkedListTest@7a8136b3]" started-at="2022-06-20T14:48:04 CDT" name="linkedlistTest" finished-at="2022-06-20T14:48:09 CDT" duration-ms="4506" status="PASS">
          <reporter-output>
          </reporter-output>
        </test-method> <!-- linkedlistTest -->
        <test-method is-config="true" signature="tearDown()[pri:0, instance:com.testcases.dsalgo.LinkedListTest@7a8136b3]" started-at="2022-06-20T14:48:09 CDT" name="tearDown" finished-at="2022-06-20T14:48:09 CDT" duration-ms="641" status="PASS">
          <reporter-output>
          </reporter-output>
        </test-method> <!-- tearDown -->
      </class> <!-- com.testcases.dsalgo.LinkedListTest -->
      <class name="com.testcases.dsalgo.LoginTest">
        <test-method is-config="true" signature="setup(java.lang.String)[pri:0, instance:com.testcases.dsalgo.LoginTest@35178483]" started-at="2022-06-20T14:47:44 CDT" name="setup" finished-at="2022-06-20T14:47:48 CDT" duration-ms="4137" status="PASS">
          <params>
            <param index="0">
              <value>
                <![CDATA[chrome]]>
              </value>
            </param>
          </params>
          <reporter-output>
          </reporter-output>
        </test-method> <!-- setup -->
        <test-method signature="Login()[pri:0, instance:com.testcases.dsalgo.LoginTest@35178483]" started-at="2022-06-20T14:47:48 CDT" name="Login" finished-at="2022-06-20T14:47:49 CDT" duration-ms="1586" status="PASS">
          <reporter-output>
          </reporter-output>
        </test-method> <!-- Login -->
        <test-method is-config="true" signature="tearDown()[pri:0, instance:com.testcases.dsalgo.LoginTest@35178483]" started-at="2022-06-20T14:47:49 CDT" name="tearDown" finished-at="2022-06-20T14:47:50 CDT" duration-ms="625" status="PASS">
          <reporter-output>
          </reporter-output>
        </test-method> <!-- tearDown -->
      </class> <!-- com.testcases.dsalgo.LoginTest -->
      <class name="com.testcases.dsalgo.GraphTest">
        <test-method is-config="true" signature="setup(java.lang.String)[pri:0, instance:com.testcases.dsalgo.GraphTest@1706a5c9]" started-at="2022-06-20T14:48:21 CDT" name="setup" finished-at="2022-06-20T14:48:23 CDT" duration-ms="1571" status="PASS">
          <params>
            <param index="0">
              <value>
                <![CDATA[chrome]]>
              </value>
            </param>
          </params>
          <reporter-output>
          </reporter-output>
        </test-method> <!-- setup -->
        <test-method signature="graph()[pri:0, instance:com.testcases.dsalgo.GraphTest@1706a5c9]" started-at="2022-06-20T14:48:23 CDT" name="graph" finished-at="2022-06-20T14:48:26 CDT" duration-ms="3172" status="PASS">
          <reporter-output>
          </reporter-output>
        </test-method> <!-- graph -->
        <test-method is-config="true" signature="tearDown()[pri:0, instance:com.testcases.dsalgo.GraphTest@1706a5c9]" started-at="2022-06-20T14:48:26 CDT" name="tearDown" finished-at="2022-06-20T14:48:27 CDT" duration-ms="610" status="PASS">
          <reporter-output>
          </reporter-output>
        </test-method> <!-- tearDown -->
      </class> <!-- com.testcases.dsalgo.GraphTest -->
      <class name="com.testcases.dsalgo.LoginTestDDT">
        <test-method is-config="true" signature="setup(java.lang.String)[pri:0, instance:com.testcases.dsalgo.LoginTestDDT@bd1111a]" started-at="2022-06-20T14:47:50 CDT" name="setup" finished-at="2022-06-20T14:47:52 CDT" duration-ms="1762" status="PASS">
          <params>
            <param index="0">
              <value>
                <![CDATA[chrome]]>
              </value>
            </param>
          </params>
          <reporter-output>
          </reporter-output>
        </test-method> <!-- setup -->
        <test-method signature="loginDDT(java.lang.String,java.lang.String)[pri:0, instance:com.testcases.dsalgo.LoginTestDDT@bd1111a]" started-at="2022-06-20T14:47:53 CDT" name="loginDDT" data-provider="LoginData" finished-at="2022-06-20T14:47:58 CDT" duration-ms="4706" status="PASS">
          <params>
            <param index="0">
              <value>
                <![CDATA[abcfdef@11256]]>
              </value>
            </param>
            <param index="1">
              <value>
                <![CDATA[tumpyninji06523715]]>
              </value>
            </param>
          </params>
          <reporter-output>
          </reporter-output>
        </test-method> <!-- loginDDT -->
        <test-method signature="loginDDT(java.lang.String,java.lang.String)[pri:0, instance:com.testcases.dsalgo.LoginTestDDT@bd1111a]" started-at="2022-06-20T14:47:58 CDT" name="loginDDT" data-provider="LoginData" finished-at="2022-06-20T14:48:02 CDT" duration-ms="4069" status="FAIL">
          <params>
            <param index="0">
              <value>
                <![CDATA[xtsy@675h]]>
              </value>
            </param>
            <param index="1">
              <value>
                <![CDATA[tumpyninji0652371534]]>
              </value>
            </param>
          </params>
          <exception class="java.lang.AssertionError">
            <message>
              <![CDATA[expected [true] but found [false]]]>
            </message>
            <full-stacktrace>
              <![CDATA[java.lang.AssertionError: expected [true] but found [false]
at org.testng.Assert.fail(Assert.java:99)
at org.testng.Assert.failNotEquals(Assert.java:1037)
at org.testng.Assert.assertTrue(Assert.java:45)
at org.testng.Assert.assertTrue(Assert.java:55)
at com.testcases.dsalgo.LoginTestDDT.loginDDT(LoginTestDDT.java:47)
at java.base/jdk.internal.reflect.NativeMethodAccessorImpl.invoke0(Native Method)
at java.base/jdk.internal.reflect.NativeMethodAccessorImpl.invoke(NativeMethodAccessorImpl.java:62)
at java.base/jdk.internal.reflect.DelegatingMethodAccessorImpl.invoke(DelegatingMethodAccessorImpl.java:43)
at java.base/java.lang.reflect.Method.invoke(Method.java:564)
at org.testng.internal.MethodInvocationHelper.invokeMethod(MethodInvocationHelper.java:133)
at org.testng.internal.TestInvoker.invokeMethod(TestInvoker.java:598)
at org.testng.internal.TestInvoker.invokeTestMethod(TestInvoker.java:173)
at org.testng.internal.MethodRunner.runInSequence(MethodRunner.java:46)
at org.testng.internal.TestInvoker$MethodInvocationAgent.invoke(TestInvoker.java:824)
at org.testng.internal.TestInvoker.invokeTestMethods(TestInvoker.java:146)
at org.testng.internal.TestMethodWorker.invokeTestMethods(TestMethodWorker.java:146)
at org.testng.internal.TestMethodWorker.run(TestMethodWorker.java:128)
at java.base/java.util.ArrayList.forEach(ArrayList.java:1511)
at org.testng.TestRunner.privateRun(TestRunner.java:794)
at org.testng.TestRunner.run(TestRunner.java:596)
at org.testng.SuiteRunner.runTest(SuiteRunner.java:377)
at org.testng.SuiteRunner.runSequentially(SuiteRunner.java:371)
at org.testng.SuiteRunner.privateRun(SuiteRunner.java:332)
at org.testng.SuiteRunner.run(SuiteRunner.java:276)
at org.testng.SuiteRunnerWorker.runSuite(SuiteRunnerWorker.java:53)
at org.testng.SuiteRunnerWorker.run(SuiteRunnerWorker.java:96)
at org.testng.TestNG.runSuitesSequentially(TestNG.java:1212)
at org.testng.TestNG.runSuitesLocally(TestNG.java:1134)
at org.testng.TestNG.runSuites(TestNG.java:1063)
at org.testng.TestNG.run(TestNG.java:1031)
at org.testng.remote.AbstractRemoteTestNG.run(AbstractRemoteTestNG.java:115)
at org.testng.remote.RemoteTestNG.initAndRun(RemoteTestNG.java:251)
at org.testng.remote.RemoteTestNG.main(RemoteTestNG.java:77)
]]>
            </full-stacktrace>
          </exception> <!-- java.lang.AssertionError -->
          <reporter-output>
          </reporter-output>
        </test-method> <!-- loginDDT -->
        <test-method is-config="true" signature="tearDown()[pri:0, instance:com.testcases.dsalgo.LoginTestDDT@bd1111a]" started-at="2022-06-20T14:48:02 CDT" name="tearDown" finished-at="2022-06-20T14:48:03 CDT" duration-ms="635" status="PASS">
          <reporter-output>
          </reporter-output>
        </test-method> <!-- tearDown -->
      </class> <!-- com.testcases.dsalgo.LoginTestDDT -->
      <class name="com.testcases.dsalgo.StackTest">
        <test-method is-config="true" signature="setup(java.lang.String)[pri:0, instance:com.testcases.dsalgo.StackTest@14dc3f89]" started-at="2022-06-20T14:48:16 CDT" name="setup" finished-at="2022-06-20T14:48:17 CDT" duration-ms="1560" status="PASS">
          <params>
            <param index="0">
              <value>
                <![CDATA[chrome]]>
              </value>
            </param>
          </params>
          <reporter-output>
          </reporter-output>
        </test-method> <!-- setup -->
        <test-method signature="Stack_Test()[pri:0, instance:com.testcases.dsalgo.StackTest@14dc3f89]" started-at="2022-06-20T14:48:17 CDT" name="Stack_Test" finished-at="2022-06-20T14:48:21 CDT" duration-ms="3441" status="PASS">
          <reporter-output>
          </reporter-output>
        </test-method> <!-- Stack_Test -->
        <test-method is-config="true" signature="tearDown()[pri:0, instance:com.testcases.dsalgo.StackTest@14dc3f89]" started-at="2022-06-20T14:48:21 CDT" name="tearDown" finished-at="2022-06-20T14:48:21 CDT" duration-ms="621" status="PASS">
          <reporter-output>
          </reporter-output>
        </test-method> <!-- tearDown -->
      </class> <!-- com.testcases.dsalgo.StackTest -->
    </test> <!-- Test -->
  </suite> <!-- Suite -->
</testng-results>
